  image_pyramid_for_16bit_image.cpp
C:\Users\SYunMoon\Python_program\image processing\C++\image_pyramid\16_bit\image_pyramid_for_16bit_image\image_pyramid_for_16bit_image\image_pyramid_for_16bit_image.cpp(27,20): warning C4244: 'return': conversion from 'double' to 'int', possible loss of data
C:\Users\SYunMoon\Python_program\image processing\C++\image_pyramid\16_bit\image_pyramid_for_16bit_image\image_pyramid_for_16bit_image\image_pyramid_for_16bit_image.cpp(92,18): warning C4244: '=': conversion from 'int' to 'float', possible loss of data
C:\Users\SYunMoon\Python_program\image processing\C++\image_pyramid\16_bit\image_pyramid_for_16bit_image\image_pyramid_for_16bit_image\image_pyramid_for_16bit_image.cpp(99,29): warning C4244: '=': conversion from 'int' to 'float', possible loss of data
C:\Users\SYunMoon\Python_program\image processing\C++\image_pyramid\16_bit\image_pyramid_for_16bit_image\image_pyramid_for_16bit_image\image_pyramid_for_16bit_image.cpp(110,40): warning C4244: '=': conversion from 'float' to '_Tp', possible loss of data
          with
          [
              _Tp=ushort
          ]
C:\Users\SYunMoon\Python_program\image processing\C++\image_pyramid\16_bit\image_pyramid_for_16bit_image\image_pyramid_for_16bit_image\image_pyramid_for_16bit_image.cpp(171,29): warning C4244: '=': conversion from 'float' to 'int', possible loss of data
C:\Users\SYunMoon\Python_program\image processing\C++\image_pyramid\16_bit\image_pyramid_for_16bit_image\image_pyramid_for_16bit_image\image_pyramid_for_16bit_image.cpp(204,75): warning C4244: '=': conversion from 'double' to '_Tp', possible loss of data
          with
          [
              _Tp=float
          ]
C:\Users\SYunMoon\Python_program\image processing\C++\image_pyramid\16_bit\image_pyramid_for_16bit_image\image_pyramid_for_16bit_image\image_pyramid_for_16bit_image.cpp(278,58): warning C4244: '=': conversion from 'double' to '_Tp', possible loss of data
          with
          [
              _Tp=ushort
          ]
  image_pyramid_for_16bit_image.vcxproj -> C:\Users\SYunMoon\Python_program\image processing\C++\image_pyramid\16_bit\image_pyramid_for_16bit_image\x64\Debug\image_pyramid_for_16bit_image.exe
