  Compiling CUDA source file kernel.cu...
  
  C:\Users\SYunMoon\Python_program\image processing\C++\CUDA 10.2 Runtime1\cuda_image_pyramid>"C:\Program Files\NVIDIA GPU Computing Toolkit\CUDA\v10.2\bin\nvcc.exe" -gencode=arch=compute_30,code=\"sm_30,compute_30\" --use-local-env -ccbin "C:\Program Files (x86)\Microsoft Visual Studio\2019\Community\VC\Tools\MSVC\14.28.29333\bin\HostX86\x64" -x cu  -I"C:\Program Files\NVIDIA GPU Computing Toolkit\CUDA\v10.2\include" -I"C:\Program Files\NVIDIA GPU Computing Toolkit\CUDA\v10.2\include"  -G   --keep-dir x64\Debug -maxrregcount=0  --machine 64 --compile -cudart static  -g   -DWIN32 -DWIN64 -D_DEBUG -D_CONSOLE -D_MBCS -Xcompiler "/EHsc /W3 /nologo /Od /Fdx64\Debug\vc142.pdb /FS /Zi /RTC1 /MDd " -o x64\Debug\kernel.cu.obj "C:\Users\SYunMoon\Python_program\image processing\C++\CUDA 10.2 Runtime1\cuda_image_pyramid\kernel.cu" 
C:\opencv\build\include\opencv2/stitching/detail/warpers.hpp(213): warning : overloaded virtual function "cv::detail::PlaneWarper::buildMaps" is only partially overridden in class "cv::detail::AffineWarper"
  
C:\opencv\build\include\opencv2/stitching/detail/warpers.hpp(213): warning : overloaded virtual function "cv::detail::PlaneWarper::warp" is only partially overridden in class "cv::detail::AffineWarper"
  
C:\opencv\build\include\opencv2/stitching/detail/blenders.hpp(100): warning : overloaded virtual function "cv::detail::Blender::prepare" is only partially overridden in class "cv::detail::FeatherBlender"
  
C:\opencv\build\include\opencv2/stitching/detail/blenders.hpp(127): warning : overloaded virtual function "cv::detail::Blender::prepare" is only partially overridden in class "cv::detail::MultiBandBlender"
  
C:/Users/SYunMoon/Python_program/image processing/C++/CUDA 10.2 Runtime1/cuda_image_pyramid/kernel.cu(44): warning : variable "output_index" was declared but never referenced
  
C:/Users/SYunMoon/Python_program/image processing/C++/CUDA 10.2 Runtime1/cuda_image_pyramid/kernel.cu(46): warning : variable "temp" was declared but never referenced
  
C:/Users/SYunMoon/Python_program/image processing/C++/CUDA 10.2 Runtime1/cuda_image_pyramid/kernel.cu(215): warning : variable "max_cpu" was declared but never referenced
  
C:/Users/SYunMoon/Python_program/image processing/C++/CUDA 10.2 Runtime1/cuda_image_pyramid/kernel.cu(216): warning : variable "dev_image" was declared but never referenced
  
C:/Users/SYunMoon/Python_program/image processing/C++/CUDA 10.2 Runtime1/cuda_image_pyramid/kernel.cu(217): warning : variable "THREADS_PER_BLOCK" was declared but never referenced
  
C:/Users/SYunMoon/Python_program/image processing/C++/CUDA 10.2 Runtime1/cuda_image_pyramid/kernel.cu(351): warning : variable "dev_max" was declared but never referenced
  
C:/Users/SYunMoon/Python_program/image processing/C++/CUDA 10.2 Runtime1/cuda_image_pyramid/kernel.cu(23): warning : variable "RANGE" was declared but never referenced
  
C:\opencv\build\include\opencv2/stitching/detail/warpers.hpp(213): warning : overloaded virtual function "cv::detail::PlaneWarper::buildMaps" is only partially overridden in class "cv::detail::AffineWarper"
  
C:\opencv\build\include\opencv2/stitching/detail/warpers.hpp(213): warning : overloaded virtual function "cv::detail::PlaneWarper::warp" is only partially overridden in class "cv::detail::AffineWarper"
  
C:\opencv\build\include\opencv2/stitching/detail/blenders.hpp(100): warning : overloaded virtual function "cv::detail::Blender::prepare" is only partially overridden in class "cv::detail::FeatherBlender"
  
C:\opencv\build\include\opencv2/stitching/detail/blenders.hpp(127): warning : overloaded virtual function "cv::detail::Blender::prepare" is only partially overridden in class "cv::detail::MultiBandBlender"
  
  kernel.cu
C:/Users/SYunMoon/Python_program/image processing/C++/CUDA 10.2 Runtime1/cuda_image_pyramid/kernel.cu(351): warning C4101: 'dev_max': unreferenced local variable
  cuda_image_pyramid.vcxproj -> C:\Users\SYunMoon\Python_program\image processing\C++\CUDA 10.2 Runtime1\x64\Debug\cuda_image_pyramid.exe
