  multiscale_morphology_16bit.cpp
C:\Users\SYunMoon\Python_program\image processing\C++\multiscale_morphology\multiscale_morphology_16bit\multiscale_morphology_16bit\multiscale_morphology_16bit.cpp(28,17): warning C4244: 'return': conversion from 'double' to 'int', possible loss of data
C:\Users\SYunMoon\Python_program\image processing\C++\multiscale_morphology\multiscale_morphology_16bit\multiscale_morphology_16bit\multiscale_morphology_16bit.cpp(91,12): warning C4244: '=': conversion from 'int' to 'float', possible loss of data
C:\Users\SYunMoon\Python_program\image processing\C++\multiscale_morphology\multiscale_morphology_16bit\multiscale_morphology_16bit\multiscale_morphology_16bit.cpp(98,23): warning C4244: '=': conversion from 'int' to 'float', possible loss of data
C:\Users\SYunMoon\Python_program\image processing\C++\multiscale_morphology\multiscale_morphology_16bit\multiscale_morphology_16bit\multiscale_morphology_16bit.cpp(109,34): warning C4244: '=': conversion from 'float' to '_Tp', possible loss of data
          with
          [
              _Tp=ushort
          ]
C:\Users\SYunMoon\Python_program\image processing\C++\multiscale_morphology\multiscale_morphology_16bit\multiscale_morphology_16bit\multiscale_morphology_16bit.cpp(160,62): warning C4244: '=': conversion from 'double' to '_Tp', possible loss of data
          with
          [
              _Tp=ushort
          ]
C:\Users\SYunMoon\Python_program\image processing\C++\multiscale_morphology\multiscale_morphology_16bit\multiscale_morphology_16bit\multiscale_morphology_16bit.cpp(182,62): warning C4244: '=': conversion from 'double' to '_Tp', possible loss of data
          with
          [
              _Tp=ushort
          ]
C:\Users\SYunMoon\Python_program\image processing\C++\multiscale_morphology\multiscale_morphology_16bit\multiscale_morphology_16bit\multiscale_morphology_16bit.cpp(260,16): warning C4244: '=': conversion from 'double' to 'float', possible loss of data
C:\Users\SYunMoon\Python_program\image processing\C++\multiscale_morphology\multiscale_morphology_16bit\multiscale_morphology_16bit\multiscale_morphology_16bit.cpp(261,39): warning C4244: '=': conversion from '_Tp' to 'float', possible loss of data
          with
          [
              _Tp=double
          ]
C:\Users\SYunMoon\Python_program\image processing\C++\multiscale_morphology\multiscale_morphology_16bit\multiscale_morphology_16bit\multiscale_morphology_16bit.cpp(299,11): warning C4244: 'initializing': conversion from 'double' to 'int', possible loss of data
C:\Users\SYunMoon\Python_program\image processing\C++\multiscale_morphology\multiscale_morphology_16bit\multiscale_morphology_16bit\multiscale_morphology_16bit.cpp(309,16): warning C4244: '=': conversion from 'double' to 'float', possible loss of data
  multiscale_morphology_16bit.vcxproj -> C:\Users\SYunMoon\Python_program\image processing\C++\multiscale_morphology\multiscale_morphology_16bit\x64\Debug\multiscale_morphology_16bit.exe
